<?xml version="1.0" encoding="UTF-8"?>
<!-- Generated by org.testng.reporters.JUnitReportReporter -->
<testsuite skipped="0" hostname="maya" name="PageTests.TestSML" tests="1" failures="0" timestamp="27 Dec 2019 07:06:12 GMT" time="5.972" errors="0">
  <testcase name="VerifySsize" time="5.972" classname="PageTests.TestSML"/>
</testsuite> <!-- PageTests.TestSML -->
