<?xml version="1.0" encoding="UTF-8"?>
<!-- Generated by org.testng.reporters.JUnitReportReporter -->
<testsuite skipped="0" hostname="maya" name="PageTests.DataProvider" tests="3" failures="0" timestamp="02 Jan 2020 08:50:44 GMT" time="50.971" errors="0">
  <testcase name="verifyLogin" time="23.009" classname="PageTests.DataProvider"/>
  <testcase name="verifyLogin" time="14.287" classname="PageTests.DataProvider"/>
  <testcase name="verifyLogin" time="13.675" classname="PageTests.DataProvider"/>
</testsuite> <!-- PageTests.DataProvider -->
