<?xml version="1.0" encoding="UTF-8"?>
<!-- Generated by org.testng.reporters.JUnitReportReporter -->
<testsuite skipped="0" hostname="maya" name="PageTests.TestObjects" tests="2" failures="0" timestamp="23 Dec 2019 16:15:45 GMT" time="9.787" errors="0">
  <testcase name="verifytitle" time="0.439" classname="PageTests.TestObjects"/>
  <testcase name="verifyTabs" time="9.348" classname="PageTests.TestObjects"/>
</testsuite> <!-- PageTests.TestObjects -->
