<?xml version="1.0" encoding="UTF-8"?>
<!-- Generated by org.testng.reporters.JUnitReportReporter -->
<testsuite skipped="0" hostname="maya" name="PageTests.TestCart" tests="1" failures="0" timestamp="27 Dec 2019 16:04:17 GMT" time="10.234" errors="0">
  <testcase name="VerifyCart" time="10.234" classname="PageTests.TestCart"/>
</testsuite> <!-- PageTests.TestCart -->
