<?xml version="1.0" encoding="UTF-8"?>
<!-- Generated by org.testng.reporters.JUnitReportReporter -->
<testsuite skipped="0" hostname="maya" name="PageTests.TestSubscription" tests="1" failures="0" timestamp="27 Dec 2019 08:56:34 GMT" time="4.494" errors="0">
  <testcase name="verifySubscription" time="4.494" classname="PageTests.TestSubscription"/>
</testsuite> <!-- PageTests.TestSubscription -->
