<?xml version="1.0" encoding="UTF-8"?>
<!-- Generated by org.testng.reporters.JUnitReportReporter -->
<testsuite skipped="0" hostname="maya" name="PageTests.Parameters" tests="1" failures="0" timestamp="03 Jan 2020 06:41:55 GMT" time="20.208" errors="0">
  <testcase name="verifyLogin" time="20.208" classname="PageTests.Parameters"/>
</testsuite> <!-- PageTests.Parameters -->
