<?xml version="1.0" encoding="UTF-8"?>
<!-- Generated by org.testng.reporters.JUnitReportReporter -->
<testsuite hostname="maya" name="PageTests.TestSML" tests="1" failures="0" timestamp="3 Jan 2020 08:19:51 GMT" time="3.914" errors="0">
  <testcase name="VerifySsize" time="3.914" classname="PageTests.TestSML"/>
</testsuite> <!-- PageTests.TestSML -->
