<?xml version="1.0" encoding="UTF-8"?>
<!-- Generated by org.testng.reporters.JUnitReportReporter -->
<testsuite hostname="maya" name="PageTests.PageCountTest" tests="1" failures="0" timestamp="3 Jan 2020 08:19:51 GMT" time="6.595" errors="0">
  <testcase name="verifyPageCount" time="6.595" classname="PageTests.PageCountTest"/>
</testsuite> <!-- PageTests.PageCountTest -->
