<?xml version="1.0" encoding="UTF-8"?>
<!-- Generated by org.testng.reporters.JUnitReportReporter -->
<testsuite hostname="maya" name="PageTests.TestCart" tests="1" failures="0" timestamp="3 Jan 2020 08:19:51 GMT" time="11.500" errors="0">
  <testcase name="VerifyCart" time="11.500" classname="PageTests.TestCart"/>
</testsuite> <!-- PageTests.TestCart -->
