<?xml version="1.0" encoding="UTF-8"?>
<!-- Generated by org.testng.reporters.JUnitReportReporter -->
<testsuite hostname="maya" name="PageTests.TestSubscription" tests="1" failures="0" timestamp="3 Jan 2020 08:19:51 GMT" time="5.644" errors="0">
  <testcase name="verifySubscription" time="5.644" classname="PageTests.TestSubscription"/>
</testsuite> <!-- PageTests.TestSubscription -->
