<?xml version="1.0" encoding="UTF-8"?>
<!-- Generated by org.testng.reporters.JUnitReportReporter -->
<testsuite hostname="maya" name="PageTests.TestObjects" tests="2" failures="0" timestamp="3 Jan 2020 08:19:51 GMT" time="16.454" errors="0">
  <testcase name="verifytitle" time="0.420" classname="PageTests.TestObjects"/>
  <testcase name="verifyTabs" time="16.034" classname="PageTests.TestObjects"/>
</testsuite> <!-- PageTests.TestObjects -->
